<html>
<head>
<title>TestNG:  Regression with chrome</title>
<link href="../testng.css" rel="stylesheet" type="text/css" />
<link href="../my-testng.css" rel="stylesheet" type="text/css" />

<style type="text/css">
.log { display: none;} 
.stack-trace { display: none;} 
</style>
<script type="text/javascript">
<!--
function flip(e) {
  current = e.style.display;
  if (current == 'block') {
    e.style.display = 'none';
    return 0;
  }
  else {
    e.style.display = 'block';
    return 1;
  }
}

function toggleBox(szDivId, elem, msg1, msg2)
{
  var res = -1;  if (document.getElementById) {
    res = flip(document.getElementById(szDivId));
  }
  else if (document.all) {
    // this is the way old msie versions work
    res = flip(document.all[szDivId]);
  }
  if(elem) {
    if(res == 0) elem.innerHTML = msg1; else elem.innerHTML = msg2;
  }

}

function toggleAllBoxes() {
  if (document.getElementsByTagName) {
    d = document.getElementsByTagName('div');
    for (i = 0; i < d.length; i++) {
      if (d[i].className == 'log') {
        flip(d[i]);
      }
    }
  }
}

// -->
</script>

</head>
<body>
<h2 align='center'>Regression with chrome</h2><table border='1' align="center">
<tr>
<td>Tests passed/Failed/Skipped:</td><td>25/3/0</td>
</tr><tr>
<td>Started on:</td><td>Thu Nov 30 16:26:56 JST 2023</td>
</tr>
<tr><td>Total time:</td><td>891 seconds (891137 ms)</td>
</tr><tr>
<td>Included groups:</td><td></td>
</tr><tr>
<td>Excluded groups:</td><td></td>
</tr>
</table><p/>
<small><i>(Hover the method name to see the test class name)</i></small><p/>
<table width='100%' border='1' class='invocation-failed'>
<tr><td colspan='4' align='center'><b>FAILED TESTS</b></td></tr>
<tr><td><b>Test method</b></td>
<td><b>Attribute(s)</b></td>
<td width="30%"><b>Exception</b></td>
<td width="10%"><b>Time (seconds)</b></td>
<td><b>Instance</b></td>
</tr>
<tr>
<td title='testsuite.editProject.editProjectSuccessfully()'><b>editProjectSuccessfully</b><br>Test class: testsuite.editProject</td>
<td><div><pre>org.openqa.selenium.TimeoutException: Expected condition failed: waiting for visibility of element located by By.xpath: //a[contains(text(),&apos;new added project&apos;)]//ancestor:: td//following-sibling::td[7]/a[@title=&apos;Edit project&apos;] (tried for 30 second(s) with 500 milliseconds interval)
Build info: version: &apos;4.10.0&apos;, revision: &apos;c14d967899&apos;
System info: os.name: &apos;Windows 10&apos;, os.arch: &apos;amd64&apos;, os.version: &apos;10.0&apos;, java.version: &apos;17.0.8&apos;
Driver info: org.openqa.selenium.chrome.ChromeDriver
Capabilities {acceptInsecureCerts: false, browserName: chrome, browserVersion: 119.0.6045.161, chrome: {chromedriverVersion: 119.0.6045.105 (38c72552c5e..., userDataDir: C:\Users\NGOMAI~1\AppData\L...}, fedcm:accounts: true, goog:chromeOptions: {debuggerAddress: localhost:50323}, networkConnectionEnabled: false, pageLoadStrategy: normal, platformName: windows, proxy: Proxy(), se:cdp: ws://localhost:50323/devtoo..., se:cdpVersion: 119.0.6045.161, setWindowRect: true, strictFileInteractability: false, timeouts: {implicit: 0, pageLoad: 300000, script: 30000}, unhandledPromptBehavior: dismiss and notify, webauthn:extension:credBlob: true, webauthn:extension:largeBlob: true, webauthn:extension:minPinLength: true, webauthn:extension:prf: true, webauthn:virtualAuthenticators: true}
Session ID: 4a42b7ea0ea7278f2c85bacf373db725
	at org.openqa.selenium.support.ui.WebDriverWait.timeoutException(WebDriverWait.java:84)
	at org.openqa.selenium.support.ui.FluentWait.until(FluentWait.java:230)
	at automation.common.CommonBase.getElementPresentDOM(CommonBase.java:73)
	at automation.common.CommonBase.click(CommonBase.java:90)
	at testsuite.editProject.editProjectSuccessfully(editProject.java:44)
	at java.base/java.util.ArrayList.forEach(ArrayList.java:1511)
... Removed 27 stack frames</pre></div><a href='#' onClick='toggleBox("stack-trace197313233", this, "Click to show all stack frames", "Click to hide stack frames")'>Click to show all stack frames</a>
<div class='stack-trace' id='stack-trace197313233'><pre>org.openqa.selenium.TimeoutException: Expected condition failed: waiting for visibility of element located by By.xpath: //a[contains(text(),&apos;new added project&apos;)]//ancestor:: td//following-sibling::td[7]/a[@title=&apos;Edit project&apos;] (tried for 30 second(s) with 500 milliseconds interval)
Build info: version: &apos;4.10.0&apos;, revision: &apos;c14d967899&apos;
System info: os.name: &apos;Windows 10&apos;, os.arch: &apos;amd64&apos;, os.version: &apos;10.0&apos;, java.version: &apos;17.0.8&apos;
Driver info: org.openqa.selenium.chrome.ChromeDriver
Capabilities {acceptInsecureCerts: false, browserName: chrome, browserVersion: 119.0.6045.161, chrome: {chromedriverVersion: 119.0.6045.105 (38c72552c5e..., userDataDir: C:\Users\NGOMAI~1\AppData\L...}, fedcm:accounts: true, goog:chromeOptions: {debuggerAddress: localhost:50323}, networkConnectionEnabled: false, pageLoadStrategy: normal, platformName: windows, proxy: Proxy(), se:cdp: ws://localhost:50323/devtoo..., se:cdpVersion: 119.0.6045.161, setWindowRect: true, strictFileInteractability: false, timeouts: {implicit: 0, pageLoad: 300000, script: 30000}, unhandledPromptBehavior: dismiss and notify, webauthn:extension:credBlob: true, webauthn:extension:largeBlob: true, webauthn:extension:minPinLength: true, webauthn:extension:prf: true, webauthn:virtualAuthenticators: true}
Session ID: 4a42b7ea0ea7278f2c85bacf373db725
	at org.openqa.selenium.support.ui.WebDriverWait.timeoutException(WebDriverWait.java:84)
	at org.openqa.selenium.support.ui.FluentWait.until(FluentWait.java:230)
	at automation.common.CommonBase.getElementPresentDOM(CommonBase.java:73)
	at automation.common.CommonBase.click(CommonBase.java:90)
	at testsuite.editProject.editProjectSuccessfully(editProject.java:44)
	at java.base/jdk.internal.reflect.NativeMethodAccessorImpl.invoke0(Native Method)
	at java.base/jdk.internal.reflect.NativeMethodAccessorImpl.invoke(NativeMethodAccessorImpl.java:77)
	at java.base/jdk.internal.reflect.DelegatingMethodAccessorImpl.invoke(DelegatingMethodAccessorImpl.java:43)
	at java.base/java.lang.reflect.Method.invoke(Method.java:568)
	at org.testng.internal.invokers.MethodInvocationHelper.invokeMethod(MethodInvocationHelper.java:139)
	at org.testng.internal.invokers.TestInvoker.invokeMethod(TestInvoker.java:664)
	at org.testng.internal.invokers.TestInvoker.invokeTestMethod(TestInvoker.java:227)
	at org.testng.internal.invokers.MethodRunner.runInSequence(MethodRunner.java:50)
	at org.testng.internal.invokers.TestInvoker$MethodInvocationAgent.invoke(TestInvoker.java:957)
	at org.testng.internal.invokers.TestInvoker.invokeTestMethods(TestInvoker.java:200)
	at org.testng.internal.invokers.TestMethodWorker.invokeTestMethods(TestMethodWorker.java:148)
	at org.testng.internal.invokers.TestMethodWorker.run(TestMethodWorker.java:128)
	at java.base/java.util.ArrayList.forEach(ArrayList.java:1511)
	at org.testng.TestRunner.privateRun(TestRunner.java:848)
	at org.testng.TestRunner.run(TestRunner.java:621)
	at org.testng.SuiteRunner.runTest(SuiteRunner.java:443)
	at org.testng.SuiteRunner.runSequentially(SuiteRunner.java:437)
	at org.testng.SuiteRunner.privateRun(SuiteRunner.java:397)
	at org.testng.SuiteRunner.run(SuiteRunner.java:336)
	at org.testng.SuiteRunnerWorker.runSuite(SuiteRunnerWorker.java:52)
	at org.testng.SuiteRunnerWorker.run(SuiteRunnerWorker.java:95)
	at org.testng.TestNG.runSuitesSequentially(TestNG.java:1280)
	at org.testng.TestNG.runSuitesLocally(TestNG.java:1200)
	at org.testng.TestNG.runSuites(TestNG.java:1114)
	at org.testng.TestNG.run(TestNG.java:1082)
	at org.testng.remote.AbstractRemoteTestNG.run(AbstractRemoteTestNG.java:115)
	at org.testng.remote.RemoteTestNG.initAndRun(RemoteTestNG.java:251)
	at org.testng.remote.RemoteTestNG.main(RemoteTestNG.java:77)
</pre></div></td>
<td>33</td>
<td>testsuite.editProject@5dafbe45</td></tr>
<tr>
<td title='testsuite.deleteProject.deleteProjectSuccessfully()'><b>deleteProjectSuccessfully</b><br>Test class: testsuite.deleteProject</td>
<td><div><pre>org.openqa.selenium.TimeoutException: Expected condition failed: waiting for visibility of element located by By.xpath: //a[contains(text(),&apos;new added project&apos;)]//ancestor:: td//following-sibling::td[7]/a[@title=&apos;Delete project&apos;] (tried for 30 second(s) with 500 milliseconds interval)
Build info: version: &apos;4.10.0&apos;, revision: &apos;c14d967899&apos;
System info: os.name: &apos;Windows 10&apos;, os.arch: &apos;amd64&apos;, os.version: &apos;10.0&apos;, java.version: &apos;17.0.8&apos;
Driver info: org.openqa.selenium.chrome.ChromeDriver
Capabilities {acceptInsecureCerts: false, browserName: chrome, browserVersion: 119.0.6045.161, chrome: {chromedriverVersion: 119.0.6045.105 (38c72552c5e..., userDataDir: C:\Users\NGOMAI~1\AppData\L...}, fedcm:accounts: true, goog:chromeOptions: {debuggerAddress: localhost:50359}, networkConnectionEnabled: false, pageLoadStrategy: normal, platformName: windows, proxy: Proxy(), se:cdp: ws://localhost:50359/devtoo..., se:cdpVersion: 119.0.6045.161, setWindowRect: true, strictFileInteractability: false, timeouts: {implicit: 0, pageLoad: 300000, script: 30000}, unhandledPromptBehavior: dismiss and notify, webauthn:extension:credBlob: true, webauthn:extension:largeBlob: true, webauthn:extension:minPinLength: true, webauthn:extension:prf: true, webauthn:virtualAuthenticators: true}
Session ID: ef99f426beb432e3464286aa6d39607b
	at org.openqa.selenium.support.ui.WebDriverWait.timeoutException(WebDriverWait.java:84)
	at org.openqa.selenium.support.ui.FluentWait.until(FluentWait.java:230)
	at automation.common.CommonBase.getElementPresentDOM(CommonBase.java:73)
	at automation.common.CommonBase.click(CommonBase.java:90)
	at testsuite.deleteProject.deleteProjectSuccessfully(deleteProject.java:35)
	at java.base/java.util.ArrayList.forEach(ArrayList.java:1511)
... Removed 27 stack frames</pre></div><a href='#' onClick='toggleBox("stack-trace1792322110", this, "Click to show all stack frames", "Click to hide stack frames")'>Click to show all stack frames</a>
<div class='stack-trace' id='stack-trace1792322110'><pre>org.openqa.selenium.TimeoutException: Expected condition failed: waiting for visibility of element located by By.xpath: //a[contains(text(),&apos;new added project&apos;)]//ancestor:: td//following-sibling::td[7]/a[@title=&apos;Delete project&apos;] (tried for 30 second(s) with 500 milliseconds interval)
Build info: version: &apos;4.10.0&apos;, revision: &apos;c14d967899&apos;
System info: os.name: &apos;Windows 10&apos;, os.arch: &apos;amd64&apos;, os.version: &apos;10.0&apos;, java.version: &apos;17.0.8&apos;
Driver info: org.openqa.selenium.chrome.ChromeDriver
Capabilities {acceptInsecureCerts: false, browserName: chrome, browserVersion: 119.0.6045.161, chrome: {chromedriverVersion: 119.0.6045.105 (38c72552c5e..., userDataDir: C:\Users\NGOMAI~1\AppData\L...}, fedcm:accounts: true, goog:chromeOptions: {debuggerAddress: localhost:50359}, networkConnectionEnabled: false, pageLoadStrategy: normal, platformName: windows, proxy: Proxy(), se:cdp: ws://localhost:50359/devtoo..., se:cdpVersion: 119.0.6045.161, setWindowRect: true, strictFileInteractability: false, timeouts: {implicit: 0, pageLoad: 300000, script: 30000}, unhandledPromptBehavior: dismiss and notify, webauthn:extension:credBlob: true, webauthn:extension:largeBlob: true, webauthn:extension:minPinLength: true, webauthn:extension:prf: true, webauthn:virtualAuthenticators: true}
Session ID: ef99f426beb432e3464286aa6d39607b
	at org.openqa.selenium.support.ui.WebDriverWait.timeoutException(WebDriverWait.java:84)
	at org.openqa.selenium.support.ui.FluentWait.until(FluentWait.java:230)
	at automation.common.CommonBase.getElementPresentDOM(CommonBase.java:73)
	at automation.common.CommonBase.click(CommonBase.java:90)
	at testsuite.deleteProject.deleteProjectSuccessfully(deleteProject.java:35)
	at java.base/jdk.internal.reflect.NativeMethodAccessorImpl.invoke0(Native Method)
	at java.base/jdk.internal.reflect.NativeMethodAccessorImpl.invoke(NativeMethodAccessorImpl.java:77)
	at java.base/jdk.internal.reflect.DelegatingMethodAccessorImpl.invoke(DelegatingMethodAccessorImpl.java:43)
	at java.base/java.lang.reflect.Method.invoke(Method.java:568)
	at org.testng.internal.invokers.MethodInvocationHelper.invokeMethod(MethodInvocationHelper.java:139)
	at org.testng.internal.invokers.TestInvoker.invokeMethod(TestInvoker.java:664)
	at org.testng.internal.invokers.TestInvoker.invokeTestMethod(TestInvoker.java:227)
	at org.testng.internal.invokers.MethodRunner.runInSequence(MethodRunner.java:50)
	at org.testng.internal.invokers.TestInvoker$MethodInvocationAgent.invoke(TestInvoker.java:957)
	at org.testng.internal.invokers.TestInvoker.invokeTestMethods(TestInvoker.java:200)
	at org.testng.internal.invokers.TestMethodWorker.invokeTestMethods(TestMethodWorker.java:148)
	at org.testng.internal.invokers.TestMethodWorker.run(TestMethodWorker.java:128)
	at java.base/java.util.ArrayList.forEach(ArrayList.java:1511)
	at org.testng.TestRunner.privateRun(TestRunner.java:848)
	at org.testng.TestRunner.run(TestRunner.java:621)
	at org.testng.SuiteRunner.runTest(SuiteRunner.java:443)
	at org.testng.SuiteRunner.runSequentially(SuiteRunner.java:437)
	at org.testng.SuiteRunner.privateRun(SuiteRunner.java:397)
	at org.testng.SuiteRunner.run(SuiteRunner.java:336)
	at org.testng.SuiteRunnerWorker.runSuite(SuiteRunnerWorker.java:52)
	at org.testng.SuiteRunnerWorker.run(SuiteRunnerWorker.java:95)
	at org.testng.TestNG.runSuitesSequentially(TestNG.java:1280)
	at org.testng.TestNG.runSuitesLocally(TestNG.java:1200)
	at org.testng.TestNG.runSuites(TestNG.java:1114)
	at org.testng.TestNG.run(TestNG.java:1082)
	at org.testng.remote.AbstractRemoteTestNG.run(AbstractRemoteTestNG.java:115)
	at org.testng.remote.RemoteTestNG.initAndRun(RemoteTestNG.java:251)
	at org.testng.remote.RemoteTestNG.main(RemoteTestNG.java:77)
</pre></div></td>
<td>32</td>
<td>testsuite.deleteProject@2254127a</td></tr>
<tr>
<td title='labelfunction.LA7.TC7()'><b>TC7</b><br>Test class: labelfunction.LA7</td>
<td><div><pre>java.lang.AssertionError: expected [false] but found [true]
	at labelfunction.LA7.TC7(LA7.java:38)
	at java.base/java.util.ArrayList.forEach(ArrayList.java:1511)
... Removed 34 stack frames</pre></div><a href='#' onClick='toggleBox("stack-trace2118854516", this, "Click to show all stack frames", "Click to hide stack frames")'>Click to show all stack frames</a>
<div class='stack-trace' id='stack-trace2118854516'><pre>java.lang.AssertionError: expected [false] but found [true]
	at org.testng.Assert.fail(Assert.java:111)
	at org.testng.Assert.failNotEquals(Assert.java:1578)
	at org.testng.Assert.assertEqualsImpl(Assert.java:150)
	at org.testng.Assert.assertEquals(Assert.java:132)
	at org.testng.Assert.assertEquals(Assert.java:1067)
	at org.testng.Assert.assertEquals(Assert.java:1031)
	at org.testng.Assert.assertEquals(Assert.java:1077)
	at labelfunction.LA7.TC7(LA7.java:38)
	at java.base/jdk.internal.reflect.NativeMethodAccessorImpl.invoke0(Native Method)
	at java.base/jdk.internal.reflect.NativeMethodAccessorImpl.invoke(NativeMethodAccessorImpl.java:77)
	at java.base/jdk.internal.reflect.DelegatingMethodAccessorImpl.invoke(DelegatingMethodAccessorImpl.java:43)
	at java.base/java.lang.reflect.Method.invoke(Method.java:568)
	at org.testng.internal.invokers.MethodInvocationHelper.invokeMethod(MethodInvocationHelper.java:139)
	at org.testng.internal.invokers.TestInvoker.invokeMethod(TestInvoker.java:664)
	at org.testng.internal.invokers.TestInvoker.invokeTestMethod(TestInvoker.java:227)
	at org.testng.internal.invokers.MethodRunner.runInSequence(MethodRunner.java:50)
	at org.testng.internal.invokers.TestInvoker$MethodInvocationAgent.invoke(TestInvoker.java:957)
	at org.testng.internal.invokers.TestInvoker.invokeTestMethods(TestInvoker.java:200)
	at org.testng.internal.invokers.TestMethodWorker.invokeTestMethods(TestMethodWorker.java:148)
	at org.testng.internal.invokers.TestMethodWorker.run(TestMethodWorker.java:128)
	at java.base/java.util.ArrayList.forEach(ArrayList.java:1511)
	at org.testng.TestRunner.privateRun(TestRunner.java:848)
	at org.testng.TestRunner.run(TestRunner.java:621)
	at org.testng.SuiteRunner.runTest(SuiteRunner.java:443)
	at org.testng.SuiteRunner.runSequentially(SuiteRunner.java:437)
	at org.testng.SuiteRunner.privateRun(SuiteRunner.java:397)
	at org.testng.SuiteRunner.run(SuiteRunner.java:336)
	at org.testng.SuiteRunnerWorker.runSuite(SuiteRunnerWorker.java:52)
	at org.testng.SuiteRunnerWorker.run(SuiteRunnerWorker.java:95)
	at org.testng.TestNG.runSuitesSequentially(TestNG.java:1280)
	at org.testng.TestNG.runSuitesLocally(TestNG.java:1200)
	at org.testng.TestNG.runSuites(TestNG.java:1114)
	at org.testng.TestNG.run(TestNG.java:1082)
	at org.testng.remote.AbstractRemoteTestNG.run(AbstractRemoteTestNG.java:115)
	at org.testng.remote.RemoteTestNG.initAndRun(RemoteTestNG.java:251)
	at org.testng.remote.RemoteTestNG.main(RemoteTestNG.java:77)
</pre></div></td>
<td>3</td>
<td>labelfunction.LA7@41330d4f</td></tr>
</table><p>
<table width='100%' border='1' class='invocation-passed'>
<tr><td colspan='4' align='center'><b>PASSED TESTS</b></td></tr>
<tr><td><b>Test method</b></td>
<td><b>Attribute(s)</b></td>
<td width="30%"><b>Exception</b></td>
<td width="10%"><b>Time (seconds)</b></td>
<td><b>Instance</b></td>
</tr>
<tr>
<td title='addprojectfunction.P2.TC9()'><b>TC9</b><br>Test class: addprojectfunction.P2</td>
<td></td>
<td>3</td>
<td>addprojectfunction.P2@3e0e1046</td></tr>
<tr>
<td title='addprojectfunction.P4.TC11()'><b>TC11</b><br>Test class: addprojectfunction.P4</td>
<td></td>
<td>54</td>
<td>addprojectfunction.P4@7dc19a70</td></tr>
<tr>
<td title='testsuite.screen.hideClient()'><b>hideClient</b><br>Test class: testsuite.screen</td>
<td></td>
<td>48</td>
<td>testsuite.screen@51891008</td></tr>
<tr>
<td title='labelfunction.LA3.TC3_createLabel()'><b>TC3_createLabel</b><br>Test class: labelfunction.LA3</td>
<td></td>
<td>3</td>
<td>labelfunction.LA3@14bdbc74</td></tr>
<tr>
<td title='addprojectfunction.P3.TC10()'><b>TC10</b><br>Test class: addprojectfunction.P3</td>
<td></td>
<td>8</td>
<td>addprojectfunction.P3@24c1b2d2</td></tr>
<tr>
<td title='testsuite.filterProject.clearFilterProductBy()'><b>clearFilterProductBy</b><br>Test class: testsuite.filterProject</td>
<td></td>
<td>69</td>
<td>testsuite.filterProject@2f953efd</td></tr>
<tr>
<td title='testsuite.filterProject.filterManyConditionsProductByFilterForm()'><b>filterManyConditionsProductByFilterForm</b><br>Test class: testsuite.filterProject</td>
<td></td>
<td>37</td>
<td>testsuite.filterProject@2f953efd</td></tr>
<tr>
<td title='testsuite.filterProject.filterCompletedProductByButton()'><b>filterCompletedProductByButton</b><br>Test class: testsuite.filterProject</td>
<td></td>
<td>33</td>
<td>testsuite.filterProject@2f953efd</td></tr>
<tr>
<td title='labelfunction.LA5.TC5_recolorLabel()'><b>TC5_recolorLabel</b><br>Test class: labelfunction.LA5</td>
<td></td>
<td>2</td>
<td>labelfunction.LA5@5a7fe64f</td></tr>
<tr>
<td title='labelfunction.LA5.TC5_createLabel()'><b>TC5_createLabel</b><br>Test class: labelfunction.LA5</td>
<td></td>
<td>3</td>
<td>labelfunction.LA5@5a7fe64f</td></tr>
<tr>
<td title='addprojectfunction.P1.TC8()'><b>TC8</b><br>Test class: addprojectfunction.P1</td>
<td></td>
<td>3</td>
<td>addprojectfunction.P1@1b66c0fb</td></tr>
<tr>
<td title='testsuite.filterProject.filterLableHighPriorityProductBySelectBox()'><b>filterLableHighPriorityProductBySelectBox</b><br>Test class: testsuite.filterProject</td>
<td></td>
<td>33</td>
<td>testsuite.filterProject@2f953efd</td></tr>
<tr>
<td title='testsuite.filterProject.filterHighPriorityProductByButton()'><b>filterHighPriorityProductByButton</b><br>Test class: testsuite.filterProject</td>
<td></td>
<td>33</td>
<td>testsuite.filterProject@2f953efd</td></tr>
<tr>
<td title='labelfunction.LA3.TC3_deleteLabel()'><b>TC3_deleteLabel</b><br>Test class: labelfunction.LA3</td>
<td></td>
<td>2</td>
<td>labelfunction.LA3@14bdbc74</td></tr>
<tr>
<td title='labelfunction.LA6.TC6()'><b>TC6</b><br>Test class: labelfunction.LA6</td>
<td></td>
<td>3</td>
<td>labelfunction.LA6@38145825</td></tr>
<tr>
<td title='testsuite.filterProject.filterUpcomingProductBySelectBox()'><b>filterUpcomingProductBySelectBox</b><br>Test class: testsuite.filterProject</td>
<td></td>
<td>33</td>
<td>testsuite.filterProject@2f953efd</td></tr>
<tr>
<td title='testsuite.filterProject.filterUpcomingProductByButton()'><b>filterUpcomingProductByButton</b><br>Test class: testsuite.filterProject</td>
<td></td>
<td>33</td>
<td>testsuite.filterProject@2f953efd</td></tr>
<tr>
<td title='labelfunction.LA1.TC1()'><b>TC1</b><br>Test class: labelfunction.LA1</td>
<td></td>
<td>3</td>
<td>labelfunction.LA1@f68f0dc</td></tr>
<tr>
<td title='testsuite.filterProject.filterOpenProductByButton()'><b>filterOpenProductByButton</b><br>Test class: testsuite.filterProject</td>
<td></td>
<td>33</td>
<td>testsuite.filterProject@2f953efd</td></tr>
<tr>
<td title='testsuite.screen.hideClientPriceStartdate()'><b>hideClientPriceStartdate</b><br>Test class: testsuite.screen</td>
<td></td>
<td>129</td>
<td>testsuite.screen@51891008</td></tr>
<tr>
<td title='labelfunction.LA4.TC4()'><b>TC4</b><br>Test class: labelfunction.LA4</td>
<td></td>
<td>3</td>
<td>labelfunction.LA4@12591ac8</td></tr>
<tr>
<td title='labelfunction.LA2.TC2()'><b>TC2</b><br>Test class: labelfunction.LA2</td>
<td></td>
<td>3</td>
<td>labelfunction.LA2@d2de489</td></tr>
<tr>
<td title='testsuite.filterProject.filterOpenProductBySelectBox()'><b>filterOpenProductBySelectBox</b><br>Test class: testsuite.filterProject</td>
<td></td>
<td>33</td>
<td>testsuite.filterProject@2f953efd</td></tr>
<tr>
<td title='testsuite.filterProject.filterCompletedProductBySelectBox()'><b>filterCompletedProductBySelectBox</b><br>Test class: testsuite.filterProject</td>
<td></td>
<td>33</td>
<td>testsuite.filterProject@2f953efd</td></tr>
<tr>
<td title='addprojectfunction.P5.TC12()'><b>TC12</b><br>Test class: addprojectfunction.P5</td>
<td></td>
<td>6</td>
<td>addprojectfunction.P5@508dec2b</td></tr>
</table><p>
</body>
</html>